<?xml version="1.0" encoding="UTF-8"?>
<!-- Generated by org.testng.reporters.JUnitReportReporter -->
<testsuite hostname="LAPTOP-KS6UVGBE" failures="0" tests="12" name="testCase.ManageExpenseTest" time="134.639" errors="0" timestamp="2024-02-05T21:35:01 IST" skipped="0">
  <testcase classname="testCase.ManageExpenseTest" name="tc04_SearchDataInExpenseTable" time="14.534"/>
  <system-out/>
  <testcase classname="testCase.ManageExpenseTest" name="tc01_VerifyExpenseCategoryNewTitleCreation" time="5.865"/>
  <system-out/>
  <testcase classname="testCase.ManageExpenseTest" name="tc05_EditExpenseSavedData03" time="9.110"/>
  <system-out/>
  <testcase classname="testCase.ManageExpenseTest" name="tc03_AddNewExpenseVerification02" time="18.749"/>
  <system-out/>
  <testcase classname="testCase.ManageExpenseTest" name="tc01_VerifyExpenseCategoryNewTitleCreation" time="8.546"/>
  <system-out/>
  <testcase classname="testCase.ManageExpenseTest" name="tc02_SearchAndDeleteExpenseCategoryTitle" time="9.716"/>
  <system-out/>
  <testcase classname="testCase.ManageExpenseTest" name="tc05_EditExpenseSavedData03" time="9.977"/>
  <system-out/>
  <testcase classname="testCase.ManageExpenseTest" name="tc02_SearchAndDeleteExpenseCategoryTitle" time="6.744"/>
  <system-out/>
  <testcase classname="testCase.ManageExpenseTest" name="tc06_DeleteExpenseSavedDatainTable" time="6.057"/>
  <system-out/>
  <testcase classname="testCase.ManageExpenseTest" name="tc06_DeleteExpenseSavedDatainTable" time="9.147"/>
  <system-out/>
  <testcase classname="testCase.ManageExpenseTest" name="tc04_SearchDataInExpenseTable" time="17.542"/>
  <system-out/>
  <testcase classname="testCase.ManageExpenseTest" name="tc03_AddNewExpenseVerification02" time="18.652"/>
  <system-out/>
</testsuite> <!-- testCase.ManageExpenseTest -->
