<?xml version="1.0" encoding="UTF-8"?>
<!-- Generated by org.testng.reporters.JUnitReportReporter -->
<testsuite hostname="LAPTOP-KS6UVGBE" failures="0" tests="8" name="testCase.LoginPageTest" time="60.345" errors="0" timestamp="2024-02-05T21:35:01 IST" skipped="0">
  <testcase classname="testCase.LoginPageTest" name="verifyLoginWithInValidCredentials" time="5.467"/>
  <system-out/>
  <testcase classname="testCase.LoginPageTest" name="verifyLoginWithInValidCredentials" time="6.886"/>
  <system-out/>
  <testcase classname="testCase.LoginPageTest" name="verifyLoginWithInValidCredentials" time="5.225"/>
  <system-out/>
  <testcase classname="testCase.LoginPageTest" name="verifyLoginWithInValidCredentials" time="7.671"/>
  <system-out/>
  <testcase classname="testCase.LoginPageTest" name="verifyLoginWithInValidCredentials" time="7.894"/>
  <system-out/>
  <testcase classname="testCase.LoginPageTest" name="verifyLoginWithValidCredentials" time="5.119"/>
  <system-out/>
  <testcase classname="testCase.LoginPageTest" name="verifyLoginWithInValidCredentials" time="8.898"/>
  <system-out/>
  <testcase classname="testCase.LoginPageTest" name="verifyLoginWithValidCredentials" time="13.185"/>
  <system-out/>
</testsuite> <!-- testCase.LoginPageTest -->
