<?xml version="1.0" encoding="UTF-8"?>
<!-- Generated by org.testng.reporters.JUnitReportReporter -->
<testsuite hostname="LAPTOP-KS6UVGBE" failures="0" tests="8" name="testCase.ManageLocationTest" time="76.391" errors="0" timestamp="2024-02-05T21:35:00 IST" skipped="0">
  <testcase classname="testCase.ManageLocationTest" name="tc01_VerifyAddNewLocation" time="11.976"/>
  <system-out/>
  <testcase classname="testCase.ManageLocationTest" name="tc03_EditLoctionVerify" time="8.452"/>
  <system-out/>
  <testcase classname="testCase.ManageLocationTest" name="tc02_SearchLocationInListVerify" time="7.473"/>
  <system-out/>
  <testcase classname="testCase.ManageLocationTest" name="tc04_DleteLocationAndVerifyBySearch" time="8.436"/>
  <system-out/>
  <testcase classname="testCase.ManageLocationTest" name="tc01_VerifyAddNewLocation" time="9.058"/>
  <system-out/>
  <testcase classname="testCase.ManageLocationTest" name="tc04_DleteLocationAndVerifyBySearch" time="11.536"/>
  <system-out/>
  <testcase classname="testCase.ManageLocationTest" name="tc03_EditLoctionVerify" time="9.586"/>
  <system-out/>
  <testcase classname="testCase.ManageLocationTest" name="tc02_SearchLocationInListVerify" time="9.874"/>
  <system-out/>
</testsuite> <!-- testCase.ManageLocationTest -->
