<?xml version="1.0" encoding="UTF-8"?>
<!-- Generated by org.testng.reporters.JUnitReportReporter -->
<testsuite hostname="LAPTOP-KS6UVGBE" failures="0" tests="2" name="testCase.HomePageTest" time="18.128" errors="0" timestamp="2024-02-05T21:35:00 IST" skipped="0">
  <testcase classname="testCase.HomePageTest" name="homePage" time="9.028"/>
  <system-out/>
  <testcase classname="testCase.HomePageTest" name="homePage" time="9.100"/>
  <system-out/>
</testsuite> <!-- testCase.HomePageTest -->
